\BOOKMARK [1][-]{section*.1}{\376\377\000A\000b\000s\000t\000r\000a\000c\000t}{}% 1
\BOOKMARK [1][-]{section.1}{\376\377\0001\000\040\000I\000n\000t\000r\000o\000d\000u\000c\000t\000i\000o\000n}{}% 2
\BOOKMARK [2][-]{subsection.1.1}{\376\377\0001\000.\0001\000\040\000B\000a\000c\000k\000g\000r\000o\000u\000n\000d}{section.1}% 3
\BOOKMARK [2][-]{subsection.1.2}{\376\377\0001\000.\0002\000\040\000R\000e\000l\000a\000t\000e\000d\000\040\000W\000o\000r\000k\000s}{section.1}% 4
\BOOKMARK [2][-]{subsection.1.3}{\376\377\0001\000.\0003\000\040\000O\000u\000r\000\040\000w\000o\000r\000k}{section.1}% 5
\BOOKMARK [2][-]{subsection.1.4}{\376\377\0001\000.\0004\000\040\000C\000o\000n\000t\000r\000i\000b\000u\000t\000i\000o\000n}{section.1}% 6
\BOOKMARK [1][-]{section.2}{\376\377\0002\000\040\000R\000e\000l\000a\000t\000e\000d\000\040\000W\000o\000r\000k}{}% 7
\BOOKMARK [2][-]{subsection.2.1}{\376\377\0002\000.\0001\000\040\000T\000h\000r\000e\000a\000t\000\040\000I\000n\000t\000e\000l\000l\000i\000g\000e\000n\000c\000e}{section.2}% 8
\BOOKMARK [2][-]{subsection.2.2}{\376\377\0002\000.\0002\000\040\000E\000x\000t\000r\000a\000c\000t\000\040\000t\000h\000r\000e\000a\000t\000\040\000i\000n\000t\000e\000l\000l\000i\000g\000e\000n\000c\000e\000\040\000f\000r\000o\000m\000\040\000u\000n\000s\000t\000r\000u\000c\000t\000u\000r\000e\000d\000\040\000C\000T\000I\000\040\000r\000e\000p\000o\000r\000t\000s}{section.2}% 9
\BOOKMARK [2][-]{subsection.2.3}{\376\377\0002\000.\0003\000\040\000M\000o\000d\000e\000l\000i\000n\000g\000\040\000t\000h\000e\000\040\000c\000y\000b\000e\000r\000\040\000t\000h\000r\000e\000a\000t\000\040\000i\000n\000t\000e\000l\000l\000i\000g\000e\000n\000c\000e\000\040\000\050\000K\000n\000o\000w\000l\000e\000d\000g\000e\000\040\000g\000r\000a\000p\000h\000s\000\040\000f\000o\000r\000\040\000s\000e\000c\000u\000r\000i\000t\000y\000\040\000p\000u\000r\000p\000o\000s\000e\000\051}{section.2}% 10
\BOOKMARK [2][-]{subsection.2.4}{\376\377\0002\000.\0004\000\040\000T\000h\000r\000e\000a\000t\000\040\000d\000e\000t\000e\000c\000t\000i\000o\000n\000\040\000a\000n\000d\000\040\000f\000o\000r\000e\000n\000s\000i\000c\000\040\000\050\000A\000d\000o\000p\000t\000\040\000g\000r\000a\000p\000h\000s\000\040\000t\000o\000\040\000r\000e\000p\000r\000e\000s\000e\000n\000t\000\040\000c\000y\000b\000e\000r\000\040\000a\000t\000t\000a\000c\000k\000s\000\051}{section.2}% 11
\BOOKMARK [1][-]{section.3}{\376\377\0003\000\040\000B\000a\000c\000k\000g\000r\000o\000u\000n\000d}{}% 12
\BOOKMARK [2][-]{subsection.3.1}{\376\377\0003\000.\0001\000\040\000T\000h\000r\000e\000e\000\040\000g\000r\000a\000n\000u\000l\000a\000r\000i\000t\000y\000\040\000o\000f\000\040\000v\000a\000r\000i\000a\000n\000t\000\040\000f\000o\000r\000\040\000P\000G}{section.3}% 13
\BOOKMARK [2][-]{subsection.3.2}{\376\377\0003\000.\0002\000\040\000P\000r\000o\000b\000l\000e\000m\000\040\000s\000t\000a\000t\000e\000m\000e\000n\000t}{section.3}% 14
\BOOKMARK [2][-]{subsection.3.3}{\376\377\0003\000.\0003\000\040\000C\000h\000a\000l\000l\000e\000n\000g\000e\000s}{section.3}% 15
\BOOKMARK [1][-]{section.4}{\376\377\0004\000\040\000S\000y\000s\000t\000e\000m\000\040\000D\000e\000s\000i\000g\000n}{}% 16
\BOOKMARK [1][-]{section.5}{\376\377\0005\000\040\000I\000m\000p\000l\000e\000m\000e\000n\000t\000a\000t\000i\000o\000n}{}% 17
\BOOKMARK [1][-]{section.6}{\376\377\0006\000\040\000E\000v\000a\000l\000u\000a\000t\000i\000o\000n}{}% 18
\BOOKMARK [1][-]{section.7}{\376\377\0007\000\040\000D\000i\000s\000c\000u\000s\000s\000i\000o\000n}{}% 19
\BOOKMARK [1][-]{appendix.A}{\376\377\000A\000\040\000T\000e\000c\000h\000n\000i\000q\000u\000e\000\040\000A\000t\000t\000a\000c\000k\000\040\000G\000r\000a\000p\000h\000\040\000E\000x\000t\000r\000a\000c\000t\000e\000d\000\040\000f\000r\000o\000m\000\040\000C\000T\000I\000\040\000R\000e\000p\000o\000r\000t\000s}{}% 20
\BOOKMARK [1][-]{appendix.B}{\376\377\000B\000\040\000A\000t\000t\000a\000c\000k\000\040\000V\000a\000r\000i\000a\000n\000t\000s\000\040\000E\000x\000t\000r\000a\000c\000t\000e\000d\000\040\000f\000r\000o\000m\000\040\000C\000T\000I\000\040\000R\000e\000p\000o\000r\000t\000s}{}% 21
\BOOKMARK [1][-]{section*.5}{\376\377\000R\000e\000f\000e\000r\000e\000n\000c\000e\000s}{}% 22
